0 info it worked if it ends with ok
1 verbose cli [ 'C:\\Program Files\\nodejs\\node.exe',
1 verbose cli   'C:\\Users\\Noee\\AppData\\Roaming\\npm\\node_modules\\npm\\bin\\npm-cli.js',
1 verbose cli   'publish' ]
2 info using npm@3.10.8
3 info using node@v4.4.1
4 verbose publish [ '.' ]
5 silly cache add args [ '.', null ]
6 verbose cache add spec .
7 silly cache add parsed spec Result {
7 silly cache add   raw: '.',
7 silly cache add   scope: null,
7 silly cache add   escapedName: null,
7 silly cache add   name: null,
7 silly cache add   rawSpec: '.',
7 silly cache add   spec: 'C:\\wamp\\www\\SYTW\\pluginiaas\\practica-despliegues-en-iaas-y-heroku-noejaco2017\\template-iaas',
7 silly cache add   type: 'directory' }
8 verbose addLocalDirectory C:\Users\Noee\AppData\Roaming\npm-cache\gitbook-start-plugin-iaas-ull-es-noejaco2017\0.0.16\package.tgz not in flight; packing
9 verbose correctMkdir C:\Users\Noee\AppData\Roaming\npm-cache correctMkdir not in flight; initializing
10 info lifecycle gitbook-start-plugin-iaas-ull-es-noejaco2017@0.0.16~prepublish: gitbook-start-plugin-iaas-ull-es-noejaco2017@0.0.16
11 silly lifecycle gitbook-start-plugin-iaas-ull-es-noejaco2017@0.0.16~prepublish: no script for prepublish, continuing
12 verbose tar pack [ 'C:\\Users\\Noee\\AppData\\Roaming\\npm-cache\\gitbook-start-plugin-iaas-ull-es-noejaco2017\\0.0.16\\package.tgz',
12 verbose tar pack   'C:\\wamp\\www\\SYTW\\pluginiaas\\practica-despliegues-en-iaas-y-heroku-noejaco2017\\template-iaas' ]
13 verbose tarball C:\Users\Noee\AppData\Roaming\npm-cache\gitbook-start-plugin-iaas-ull-es-noejaco2017\0.0.16\package.tgz
14 verbose folder C:\wamp\www\SYTW\pluginiaas\practica-despliegues-en-iaas-y-heroku-noejaco2017\template-iaas
15 verbose addLocalTarball adding from inside cache C:\Users\Noee\AppData\Roaming\npm-cache\gitbook-start-plugin-iaas-ull-es-noejaco2017\0.0.16\package.tgz
16 verbose correctMkdir C:\Users\Noee\AppData\Roaming\npm-cache correctMkdir not in flight; initializing
17 silly cache afterAdd gitbook-start-plugin-iaas-ull-es-noejaco2017@0.0.16
18 verbose afterAdd C:\Users\Noee\AppData\Roaming\npm-cache\gitbook-start-plugin-iaas-ull-es-noejaco2017\0.0.16\package\package.json not in flight; writing
19 verbose correctMkdir C:\Users\Noee\AppData\Roaming\npm-cache correctMkdir not in flight; initializing
20 verbose afterAdd C:\Users\Noee\AppData\Roaming\npm-cache\gitbook-start-plugin-iaas-ull-es-noejaco2017\0.0.16\package\package.json written
21 silly publish { name: 'gitbook-start-plugin-iaas-ull-es-noejaco2017',
21 silly publish   version: '0.0.16',
21 silly publish   description: 'Despliegue plugin Iaas',
21 silly publish   main: 'linea-comando-iaas.js',
21 silly publish   scripts: { test: 'echo "Error: no test specified" && exit 1' },
21 silly publish   bin: { 'gitbook-start-iaas': 'linea-comando-iaas.js' },
21 silly publish   repository:
21 silly publish    { type: 'git',
21 silly publish      url: 'git+ssh://git@github.com/ULL-ESIT-SYTW-1617/nueva-funcionalidad-para-el-paquete-npm-plugins-noejaco2017.git',
21 silly publish      wiki: 'https://github.com/ULL-ESIT-SYTW-1617/nueva-funcionalidad-para-el-paquete-npm-plugins-noejaco2017.wiki.git' },
21 silly publish   keywords: [ 'gitbook', 'boilerplate', 'starter' ],
21 silly publish   author:
21 silly publish    { name: 'alu0100622492',
21 silly publish      email: 'alu0100622492@ull.edu.es',
21 silly publish      url: 'http://dsi1516.github.io/Practica1/' },
21 silly publish   contributors:
21 silly publish    { name: 'alu0100836059',
21 silly publish      email: 'alu0100836059@ull.edu.es',
21 silly publish      url: 'http://dsi1516.github.io/Practica1/' },
21 silly publish   license: 'MIT',
21 silly publish   bugs: { url: 'https://github.com/ULL-ESIT-SYTW-1617/creacion-de-paquetes-y-modulos-en-nodejs-noejaco2017/issues' },
21 silly publish   homepage: 'http://creacion-de-paquetes-y-modulos-en-nodejs-noejaco2017/README.md',
21 silly publish   devDependencies:
21 silly publish    { async: '^1.4.0',
21 silly publish      child_process: '^1.0.2',
21 silly publish      ejs: '^2.5.2',
21 silly publish      express: '^4.14.0',
21 silly publish      fs: '0.0.1-security',
21 silly publish      'fs-extra': '^0.22.1',
21 silly publish      'gh-pages': '^0.3.1',
21 silly publish      gitbook: '^2.1.0',
21 silly publish      'gitbook-cli': '^0.3.4',
21 silly publish      gulp: '~3.9.1',
21 silly publish      'gulp-gh-pages': '^0.5.4',
21 silly publish      'gulp-shell': '~0.5.2',
21 silly publish      minimist: '^1.2.0',
21 silly publish      path: '^0.12.7',
21 silly publish      'ssh-exec': '^2.0.0',
21 silly publish      underscore: '^1.8.3' },
21 silly publish   dependencies:
21 silly publish    { async: '^1.4.0',
21 silly publish      child_process: '^1.0.2',
21 silly publish      ejs: '^2.5.2',
21 silly publish      express: '^4.14.0',
21 silly publish      fs: '0.0.1-security',
21 silly publish      'fs-extra': '^0.22.1',
21 silly publish      'gitbook-start-team-noejaco2017': '1.1.1',
21 silly publish      'fs-extended': '^0.2.1',
21 silly publish      'git-url-parse': '^6.0.7',
21 silly publish      'gh-pages': '^0.3.1',
21 silly publish      gitbook: '^2.1.0',
21 silly publish      'gitbook-cli': '^0.3.4',
21 silly publish      'graceful-fs': '^4.1.0',
21 silly publish      gulp: '^3.9.1',
21 silly publish      'gulp-gh-pages': '^0.5.4',
21 silly publish      'gulp-install': '~0.6.0',
21 silly publish      'gulp-run': '^1.7.1',
21 silly publish      'gulp-shell': '^0.5.2',
21 silly publish      minimatch: '^3.0.3',
21 silly publish      minimist: '^1.2.0',
21 silly publish      'simple-git': '^1.51.0',
21 silly publish      path: '^0.12.7',
21 silly publish      underscore: '^1.8.3' },
21 silly publish   engines: { node: '0.10.x' },
21 silly publish   readme: '# Instalaci칩n de plugin npm iaas\r\n\r\n## Introducci칩n\r\n\r\nEl objetivo de esta pr치ctica es la creacion de un plugin **NodeJS** al publicado anteriormente en npm  con una nueva funcionalidad que permita que\r\nlos usuarios con conocimientos de **NodeJS** puedan extender la conducta del ejecutable para que este realice el despliegue en plataformas distintas\r\nde las ya consideradas.\r\n\r\n## Instalar nuestro paquete NPM\r\n_npm install -g gitbook-start-team-noejaco2017_\r\n_npm install --save gitbook-start-team-noejaco2017_\r\n\r\n##Instalaci칩n del directorio\r\n_gitbook-start-team-noejaco2017 --directorio [nombre directorio]_\r\n\r\n## Manual de ayuda\r\n_gitbook-start --h || --help_\r\n````````````````````\r\ngitbook-start [OPTIONS]\r\n--autor: autor del libro a crear node gitbook-star -a AutorDelLibro\r\n--email: email de contacto del usuario\r\n--version: version repositorio github contra el que se va a trabajar -r github.com/repo.git\r\n--url: repositorio github contra el que se va a trabajar -r github.com/repo.git\r\n--wiki: direccion web de la wiki en github -w github.com/repo.wiki.git\r\n--directorio: nombre del directorio a crear\r\n--help: muestra ayuda sobre las opciones disponibles\r\n````````````````````\r\n\r\n\r\n\r\n## Manual de ayuda\r\n_gitbook-start --h || --help_\r\n````````````````````\r\ngitbook-start-iaas [OPTIONS]\r\n--iaasIP: Direccion de la maquina virtual\r\n--iaaspath: repositorio que va a contener el libro en iaas\r\n--d: directorio a crear con el nombre que quiera\r\n````````````````````\r\n',
21 silly publish   readmeFilename: 'README.md',
21 silly publish   gitHead: 'bf17f72fd23fbf271bab3b631957ccec7840a2f3',
21 silly publish   _id: 'gitbook-start-plugin-iaas-ull-es-noejaco2017@0.0.16',
21 silly publish   _shasum: '2995ab1abfb7db0a980fb23b6c0d993d782bbb16',
21 silly publish   _from: '.' }
22 verbose getPublishConfig undefined
23 silly mapToRegistry name gitbook-start-plugin-iaas-ull-es-noejaco2017
24 silly mapToRegistry using default registry
25 silly mapToRegistry registry https://registry.npmjs.org/
26 silly mapToRegistry data Result {
26 silly mapToRegistry   raw: 'gitbook-start-plugin-iaas-ull-es-noejaco2017',
26 silly mapToRegistry   scope: null,
26 silly mapToRegistry   escapedName: 'gitbook-start-plugin-iaas-ull-es-noejaco2017',
26 silly mapToRegistry   name: 'gitbook-start-plugin-iaas-ull-es-noejaco2017',
26 silly mapToRegistry   rawSpec: '',
26 silly mapToRegistry   spec: 'latest',
26 silly mapToRegistry   type: 'tag' }
27 silly mapToRegistry uri https://registry.npmjs.org/gitbook-start-plugin-iaas-ull-es-noejaco2017
28 verbose publish registryBase https://registry.npmjs.org/
29 silly publish uploading C:\Users\Noee\AppData\Roaming\npm-cache\gitbook-start-plugin-iaas-ull-es-noejaco2017\0.0.16\package.tgz
30 verbose request uri https://registry.npmjs.org/gitbook-start-plugin-iaas-ull-es-noejaco2017
31 verbose request sending authorization for write operation
32 info attempt registry request try #1 at 01:15:21
33 verbose request using bearer token for auth
34 verbose request id 547e9ec4dc6b92bd
35 http request PUT https://registry.npmjs.org/gitbook-start-plugin-iaas-ull-es-noejaco2017
36 http 403 https://registry.npmjs.org/gitbook-start-plugin-iaas-ull-es-noejaco2017
37 verbose headers { 'content-type': 'application/json',
37 verbose headers   'cache-control': 'max-age=300',
37 verbose headers   'content-length': '96',
37 verbose headers   'accept-ranges': 'bytes',
37 verbose headers   date: 'Sat, 29 Oct 2016 00:15:22 GMT',
37 verbose headers   via: '1.1 varnish',
37 verbose headers   connection: 'keep-alive',
37 verbose headers   'x-served-by': 'cache-lhr6321-LHR',
37 verbose headers   'x-cache': 'MISS',
37 verbose headers   'x-cache-hits': '0',
37 verbose headers   'x-timer': 'S1477700121.463874,VS0,VE1091',
37 verbose headers   vary: 'Accept-Encoding' }
38 verbose request invalidating C:\Users\Noee\AppData\Roaming\npm-cache\registry.npmjs.org\gitbook-start-plugin-iaas-ull-es-noejaco2017 on PUT
39 error publish Failed PUT 403
40 verbose stack Error: "You cannot publish over the previously published version 0.0.16." : gitbook-start-plugin-iaas-ull-es-noejaco2017
40 verbose stack     at makeError (C:\Users\Noee\AppData\Roaming\npm\node_modules\npm\node_modules\npm-registry-client\lib\request.js:302:12)
40 verbose stack     at CachingRegistryClient.<anonymous> (C:\Users\Noee\AppData\Roaming\npm\node_modules\npm\node_modules\npm-registry-client\lib\request.js:290:14)
40 verbose stack     at Request._callback (C:\Users\Noee\AppData\Roaming\npm\node_modules\npm\node_modules\npm-registry-client\lib\request.js:210:14)
40 verbose stack     at Request.self.callback (C:\Users\Noee\AppData\Roaming\npm\node_modules\npm\node_modules\request\request.js:187:22)
40 verbose stack     at emitTwo (events.js:87:13)
40 verbose stack     at Request.emit (events.js:172:7)
40 verbose stack     at Request.<anonymous> (C:\Users\Noee\AppData\Roaming\npm\node_modules\npm\node_modules\request\request.js:1044:10)
40 verbose stack     at emitOne (events.js:77:13)
40 verbose stack     at Request.emit (events.js:169:7)
40 verbose stack     at IncomingMessage.<anonymous> (C:\Users\Noee\AppData\Roaming\npm\node_modules\npm\node_modules\request\request.js:965:12)
41 verbose statusCode 403
42 verbose pkgid gitbook-start-plugin-iaas-ull-es-noejaco2017
43 verbose cwd C:\wamp\www\SYTW\pluginiaas\practica-despliegues-en-iaas-y-heroku-noejaco2017\template-iaas
44 error Windows_NT 10.0.10586
45 error argv "C:\\Program Files\\nodejs\\node.exe" "C:\\Users\\Noee\\AppData\\Roaming\\npm\\node_modules\\npm\\bin\\npm-cli.js" "publish"
46 error node v4.4.1
47 error npm  v3.10.8
48 error code E403
49 error "You cannot publish over the previously published version 0.0.16." : gitbook-start-plugin-iaas-ull-es-noejaco2017
50 error If you need help, you may report this error at:
50 error     <https://github.com/npm/npm/issues>
51 verbose exit [ 1, true ]
